<?xml version="1.0" encoding="UTF-8"?>
<!-- Generated by org.testng.reporters.JUnitReportReporter -->
<testsuite hostname="SJCHM5M2" name="Campagnes.Mytest" tests="1" failures="0" timestamp="7 Feb 2021 14:28:23 GMT" time="0.014" errors="0">
  <testcase name="f" time="0.014" classname="Campagnes.Mytest"/>
</testsuite> <!-- Campagnes.Mytest -->
