<?xml version="1.0" encoding="UTF-8"?>
<!-- Generated by org.testng.reporters.JUnitReportReporter -->
<testsuite hostname="SJCHM5M2" name="Campagnes.LireExcel" tests="1" failures="0" timestamp="6 Feb 2021 18:43:12 GMT" time="0.585" errors="0">
  <testcase name="f" time="0.585" classname="Campagnes.LireExcel"/>
</testsuite> <!-- Campagnes.LireExcel -->
