<?xml version="1.0" encoding="UTF-8"?>
<!-- Generated by org.testng.reporters.JUnitReportReporter -->
<testsuite hostname="SJCHM5M2" name="Campagnes.CommandesAvecCreationComptefirefox" tests="2" failures="0" timestamp="7 Feb 2021 13:34:39 GMT" time="210.911" errors="0">
  <testcase name="CommandesAvecCreationComptePayBank" time="106.049" classname="Campagnes.CommandesAvecCreationComptefirefox"/>
  <testcase name="CommandesAvecCreationComptePayChek" time="104.862" classname="Campagnes.CommandesAvecCreationComptefirefox"/>
</testsuite> <!-- Campagnes.CommandesAvecCreationComptefirefox -->
