<?xml version="1.0" encoding="UTF-8"?>
<!-- Generated by org.testng.reporters.JUnitReportReporter -->
<testsuite hostname="SJCHM5M2" name="ProjetFinal.Scenario" tests="1" failures="0" timestamp="5 Feb 2021 13:52:11 GMT" time="67.946" errors="0">
  <testcase name="ScenarioAvecFireFox" time="67.946" classname="ProjetFinal.Scenario"/>
</testsuite> <!-- ProjetFinal.Scenario -->
