<?xml version="1.0" encoding="UTF-8"?>
<!-- Generated by org.testng.reporters.JUnitReportReporter -->
<testsuite hostname="SJCHM5M2" name="Campagnes.CommandesAvecCreationCompte" tests="1" failures="0" timestamp="6 Feb 2021 20:11:32 GMT" time="115.719" errors="0">
  <testcase name="ScenarioAvecFireFox" time="115.719" classname="Campagnes.CommandesAvecCreationCompte"/>
</testsuite> <!-- Campagnes.CommandesAvecCreationCompte -->
