<?xml version="1.0" encoding="UTF-8"?>
<!-- Generated by org.testng.reporters.JUnitReportReporter -->
<testsuite hostname="DESKTOP-0F83FCE" failures="0" tests="1" name="Campagnes.CommandesAvecChrome" time="151.930" errors="0" timestamp="2021-12-21T12:09:19 CET" skipped="0">
  <testcase classname="Campagnes.CommandesAvecChrome" name="CommandesAvecCreationCompte" time="151.930"/>
  <system-out/>
</testsuite> <!-- Campagnes.CommandesAvecChrome -->
