<?xml version="1.0" encoding="UTF-8"?>
<!-- Generated by org.testng.reporters.JUnitReportReporter -->
<testsuite hostname="DESKTOP-0F83FCE" failures="0" tests="2" name="Campagnes.Commandes" time="309.846" errors="0" timestamp="2021-12-24T14:41:41 CET" skipped="0">
  <testcase classname="Campagnes.Commandes" name="CommandesAvecCreationCompte" time="161.217"/>
  <system-out/>
  <testcase classname="Campagnes.Commandes" name="CommandesAvecCreationCompte" time="148.629"/>
  <system-out/>
</testsuite> <!-- Campagnes.Commandes -->
