<?xml version="1.0" encoding="UTF-8"?>
<!-- Generated by org.testng.reporters.JUnitReportReporter -->
<testsuite hostname="DESKTOP-0F83FCE" failures="0" tests="2" name="Campagnes.Commandes" time="388.235" errors="0" timestamp="2021-12-24T15:06:51 CET" skipped="0">
  <testcase classname="Campagnes.Commandes" name="CommandesAvecCreationCompte" time="186.291"/>
  <system-out/>
  <testcase classname="Campagnes.Commandes" name="CommandesAvecCreationCompte" time="201.944"/>
  <system-out/>
</testsuite> <!-- Campagnes.Commandes -->
